<?xml version="1.0" encoding="UTF-8"?>
<!-- Generated by org.testng.reporters.JUnitReportReporter -->
<testsuite hostname="WS0122985" name="test.signinCheckoutExistingUserColdState" tests="1" failures="0" timestamp="20 Nov 2014 01:59:15 GMT" time="220.702" errors="0">
  <testcase name="do_signinCheckoutExistingUserColdState" time="220.702" classname="test.signinCheckoutExistingUserColdState"/>
</testsuite> <!-- test.signinCheckoutExistingUserColdState -->
