<?xml version="1.0" encoding="UTF-8"?>
<!-- Generated by org.testng.reporters.JUnitReportReporter -->
<testsuite hostname="WS0122985" name="test.funTestCase" tests="1" failures="0" timestamp="1 Oct 2014 15:16:58 GMT" time="188.576" errors="0">
  <testcase name="do_funTestCase" time="188.576" classname="test.funTestCase"/>
</testsuite> <!-- test.funTestCase -->
