<?xml version="1.0" encoding="UTF-8"?>
<!-- Generated by org.testng.reporters.JUnitReportReporter -->
<testsuite hostname="WS0122985" name="test.ManageAutoshipEditShipping" tests="1" failures="0" timestamp="20 Nov 2014 01:59:13 GMT" time="297.607" errors="0">
  <testcase name="do_ManageAutoshipEditShipping" time="297.607" classname="test.ManageAutoshipEditShipping"/>
</testsuite> <!-- test.ManageAutoshipEditShipping -->
