<?xml version="1.0" encoding="UTF-8"?>
<!-- Generated by org.testng.reporters.JUnitReportReporter -->
<testsuite hostname="WS0123553" name="test.SampleTest" tests="2" failures="0" timestamp="23 Jul 2013 21:15:30 GMT" time="0.015" errors="0">
  <testcase name="testApp" time="0.015" classname="test.SampleTest"/>
  <testcase name="testApp2" time="0.000" classname="test.SampleTest"/>
</testsuite> <!-- test.SampleTest -->
