<?xml version="1.0" encoding="UTF-8"?>
<!-- Generated by org.testng.reporters.JUnitReportReporter -->
<testsuite hostname="WS0122985" name="rough_work.Emailtest" tests="1" failures="0" timestamp="21 Feb 2014 22:18:23 GMT" time="10.865" errors="0">
  <testcase name="f" time="10.865" classname="rough_work.Emailtest"/>
</testsuite> <!-- rough_work.Emailtest -->
