<?xml version="1.0" encoding="UTF-8"?>
<!-- Generated by org.testng.reporters.JUnitReportReporter -->
<testsuite hostname="WS0122985" name="test.MobileTS" tests="1" failures="0" timestamp="24 Sep 2013 22:07:16 GMT" time="164.177" errors="0">
  <testcase name="do_MobileTS" time="164.177" classname="test.MobileTS"/>
</testsuite> <!-- test.MobileTS -->
