<?xml version="1.0" encoding="UTF-8"?>
<!-- Generated by org.testng.reporters.JUnitReportReporter -->
<testsuite hostname="WS0122779" name="rough_work.NewTest" tests="1" failures="0" timestamp="21 May 2014 15:14:11 GMT" time="22.646" errors="0">
  <testcase name="f" time="22.646" classname="rough_work.NewTest"/>
</testsuite> <!-- rough_work.NewTest -->
