<?xml version="1.0" encoding="UTF-8"?>
<!-- Generated by org.testng.reporters.JUnitReportReporter -->
<testsuite hostname="WS0122985" name="test.signinCheckoutExistingUser" tests="1" failures="0" timestamp="20 Nov 2014 01:59:13 GMT" time="228.585" errors="0">
  <testcase name="do_signinCheckoutExistingUser" time="228.585" classname="test.signinCheckoutExistingUser"/>
</testsuite> <!-- test.signinCheckoutExistingUser -->
