<?xml version="1.0" encoding="UTF-8"?>
<!-- Generated by org.testng.reporters.JUnitReportReporter -->
<testsuite hostname="WS0122985" name="test.AccountUpdate_BillingInformation" tests="1" failures="0" timestamp="20 Nov 2014 01:59:14 GMT" time="153.241" errors="0">
  <testcase name="do_AccountUpdate_BillingInformation" time="153.241" classname="test.AccountUpdate_BillingInformation"/>
</testsuite> <!-- test.AccountUpdate_BillingInformation -->
