<?xml version="1.0" encoding="UTF-8"?>
<!-- Generated by org.testng.reporters.JUnitReportReporter -->
<testsuite hostname="WS0122985" name="rough_work.JavaScriptClass" tests="1" failures="0" timestamp="14 Feb 2014 21:26:46 GMT" time="12.986" errors="0">
  <testcase name="f" time="12.986" classname="rough_work.JavaScriptClass"/>
</testsuite> <!-- rough_work.JavaScriptClass -->
