<?xml version="1.0" encoding="UTF-8"?>
<!-- Generated by org.testng.reporters.JUnitReportReporter -->
<testsuite hostname="WS0122985" name="test.AccountUpdate_changeEmail" tests="1" failures="0" timestamp="20 Nov 2014 01:59:13 GMT" time="199.326" errors="0">
  <testcase name="do_AccountUpdate_changeEmail" time="199.326" classname="test.AccountUpdate_changeEmail"/>
</testsuite> <!-- test.AccountUpdate_changeEmail -->
