<?xml version="1.0" encoding="UTF-8"?>
<!-- Generated by org.testng.reporters.JUnitReportReporter -->
<testsuite hostname="WS0122779" name="rough_work.SafariClearInput" tests="1" failures="0" timestamp="15 Sep 2014 15:26:41 GMT" time="14.648" errors="0">
  <testcase name="f" time="14.648" classname="rough_work.SafariClearInput"/>
</testsuite> <!-- rough_work.SafariClearInput -->
