<?xml version="1.0" encoding="UTF-8"?>
<!-- Generated by org.testng.reporters.JUnitReportReporter -->
<testsuite hostname="WS0122779" name="test.MobileExistingUserEditBillingAddress" tests="1" failures="0" timestamp="27 Aug 2014 22:00:38 GMT" time="183.535" errors="0">
  <testcase name="do_MobileExistingUserEditBillingAddress" time="183.535" classname="test.MobileExistingUserEditBillingAddress"/>
</testsuite> <!-- test.MobileExistingUserEditBillingAddress -->
