<?xml version="1.0" encoding="UTF-8"?>
<!-- Generated by org.testng.reporters.JUnitReportReporter -->
<testsuite hostname="WS0122985" name="test.MobileExistingUserEditCC" tests="1" failures="0" timestamp="17 Oct 2014 18:09:49 GMT" time="143.503" errors="0">
  <testcase name="do_MobileExistingUserEditCC" time="143.503" classname="test.MobileExistingUserEditCC"/>
</testsuite> <!-- test.MobileExistingUserEditCC -->
