<?xml version="1.0" encoding="UTF-8"?>
<!-- Generated by org.testng.reporters.JUnitReportReporter -->
<testsuite hostname="WS0122985" name="test.ReviewProductForexistingUser" tests="1" failures="0" timestamp="20 Nov 2014 01:59:14 GMT" time="203.945" errors="0">
  <testcase name="do_ReviewProductForexistingUser" time="203.945" classname="test.ReviewProductForexistingUser"/>
</testsuite> <!-- test.ReviewProductForexistingUser -->
