<?xml version="1.0" encoding="UTF-8"?>
<!-- Generated by org.testng.reporters.JUnitReportReporter -->
<testsuite hostname="WS0122985" name="test.ManageFlexPayChangeCC" tests="1" failures="0" timestamp="20 Nov 2014 01:59:14 GMT" time="346.694" errors="0">
  <testcase name="do_ManageFlexPayChangeCC" time="346.694" classname="test.ManageFlexPayChangeCC"/>
</testsuite> <!-- test.ManageFlexPayChangeCC -->
