<?xml version="1.0" encoding="UTF-8"?>
<!-- Generated by org.testng.reporters.JUnitReportReporter -->
<testsuite hostname="WS0122985" name="test.SocialSignInTwitter" tests="1" failures="0" timestamp="20 Nov 2014 01:59:13 GMT" time="111.483" errors="0">
  <testcase name="do_SocialSignInTwitter" time="111.483" classname="test.SocialSignInTwitter"/>
</testsuite> <!-- test.SocialSignInTwitter -->
