<?xml version="1.0" encoding="UTF-8"?>
<!-- Generated by org.testng.reporters.JUnitReportReporter -->
<testsuite hostname="WS0122779" name="rough_work.AsyncValidation" tests="1" failures="0" timestamp="10 Feb 2014 15:24:42 GMT" time="0.000" errors="0">
  <testcase name="f" time="0.000" classname="rough_work.AsyncValidation"/>
</testsuite> <!-- rough_work.AsyncValidation -->
