<?xml version="1.0" encoding="UTF-8"?>
<!-- Generated by org.testng.reporters.JUnitReportReporter -->
<testsuite hostname="WS0122985" name="test.CheckoutAsGuest" tests="1" failures="0" timestamp="20 Nov 2014 01:59:14 GMT" time="258.841" errors="0">
  <testcase name="do_CheckoutAsGuest" time="258.841" classname="test.CheckoutAsGuest"/>
</testsuite> <!-- test.CheckoutAsGuest -->
