<?xml version="1.0" encoding="UTF-8"?>
<!-- Generated by org.testng.reporters.JUnitReportReporter -->
<testsuite hostname="WS0122985" name="test.OrderStatusDrawer" tests="1" failures="0" timestamp="25 Sep 2013 20:13:55 GMT" time="110.786" errors="0">
  <testcase name="do_OrderStatusDrawer" time="110.786" classname="test.OrderStatusDrawer"/>
</testsuite> <!-- test.OrderStatusDrawer -->
