<?xml version="1.0" encoding="UTF-8"?>
<!-- Generated by org.testng.reporters.JUnitReportReporter -->
<testsuite hostname="WS0122985" name="test.ManageAutoshipAddNewCC" tests="1" failures="0" timestamp="20 Nov 2014 01:59:14 GMT" time="353.602" errors="0">
  <testcase name="do_ManageAutoshipAddNewCC" time="353.602" classname="test.ManageAutoshipAddNewCC"/>
</testsuite> <!-- test.ManageAutoshipAddNewCC -->
