<?xml version="1.0" encoding="UTF-8"?>
<!-- Generated by org.testng.reporters.JUnitReportReporter -->
<testsuite hostname="WS0122985" name="rough_work.DatePicker" tests="1" failures="0" timestamp="29 Apr 2014 19:11:44 GMT" time="37.764" errors="0">
  <testcase name="f" time="37.764" classname="rough_work.DatePicker"/>
</testsuite> <!-- rough_work.DatePicker -->
