<?xml version="1.0" encoding="UTF-8"?>
<!-- Generated by org.testng.reporters.JUnitReportReporter -->
<testsuite hostname="WS0122985" name="rough_work.UserAgents" tests="1" failures="0" timestamp="7 Mar 2014 20:49:28 GMT" time="7.827" errors="0">
  <testcase name="fo" time="7.827" classname="rough_work.UserAgents"/>
</testsuite> <!-- rough_work.UserAgents -->
