<?xml version="1.0" encoding="UTF-8"?>
<!-- Generated by org.testng.reporters.JUnitReportReporter -->
<testsuite hostname="WS0122985" name="test.ExpressBuyExistingColdUser" tests="1" failures="0" timestamp="20 Nov 2014 01:59:14 GMT" time="164.590" errors="0">
  <testcase name="do_ExpressBuyExistingColdUser" time="164.590" classname="test.ExpressBuyExistingColdUser"/>
</testsuite> <!-- test.ExpressBuyExistingColdUser -->
