<?xml version="1.0" encoding="UTF-8"?>
<!-- Generated by org.testng.reporters.JUnitReportReporter -->
<testsuite hostname="WS0122985" name="test.MobileExistingUserAddCC" tests="1" failures="0" timestamp="20 Nov 2014 01:59:13 GMT" time="139.288" errors="0">
  <testcase name="do_MobileExistingUserAddCC" time="139.288" classname="test.MobileExistingUserAddCC"/>
</testsuite> <!-- test.MobileExistingUserAddCC -->
