<?xml version="1.0" encoding="UTF-8"?>
<!-- Generated by org.testng.reporters.JUnitReportReporter -->
<testsuite hostname="WS0122985" name="test.AccountUpdate_changePassword" tests="1" failures="0" timestamp="20 Nov 2014 01:59:14 GMT" time="269.627" errors="0">
  <testcase name="do_AccountUpdate_changePassword" time="269.627" classname="test.AccountUpdate_changePassword"/>
</testsuite> <!-- test.AccountUpdate_changePassword -->
