<?xml version="1.0" encoding="UTF-8"?>
<!-- Generated by org.testng.reporters.JUnitReportReporter -->
<testsuite hostname="WS0122985" name="test.signinCheckoutExistingUserAutoShip" tests="1" failures="0" timestamp="20 Nov 2014 01:59:14 GMT" time="198.682" errors="0">
  <testcase name="do_signinCheckoutExistingUserAutoShip" time="198.682" classname="test.signinCheckoutExistingUserAutoShip"/>
</testsuite> <!-- test.signinCheckoutExistingUserAutoShip -->
