<?xml version="1.0" encoding="UTF-8"?>
<!-- Generated by org.testng.reporters.JUnitReportReporter -->
<testsuite hostname="WS0122985" name="rough_work.testStrings" tests="1" failures="0" timestamp="30 Apr 2014 18:11:13 GMT" time="0.009" errors="0">
  <testcase name="f" time="0.009" classname="rough_work.testStrings"/>
</testsuite> <!-- rough_work.testStrings -->
