<?xml version="1.0" encoding="UTF-8"?>
<!-- Generated by org.testng.reporters.JUnitReportReporter -->
<testsuite hostname="WS0122985" name="rough_work.PropertiesUsage" tests="1" failures="0" timestamp="23 Apr 2014 14:32:26 GMT" time="0.016" errors="0">
  <testcase name="f" time="0.016" classname="rough_work.PropertiesUsage"/>
</testsuite> <!-- rough_work.PropertiesUsage -->
