<?xml version="1.0" encoding="UTF-8"?>
<!-- Generated by org.testng.reporters.JUnitReportReporter -->
<testsuite hostname="WS0122779" name="test.SortReviewsByDate" tests="1" failures="0" timestamp="7 May 2014 20:46:25 GMT" time="110.720" errors="0">
  <testcase name="do_AbandonFlowExistingUser" time="110.720" classname="test.SortReviewsByDate"/>
</testsuite> <!-- test.SortReviewsByDate -->
