<?xml version="1.0" encoding="UTF-8"?>
<!-- Generated by org.testng.reporters.JUnitReportReporter -->
<testsuite hostname="WS0122985" name="rough_work.SQLExample" tests="3" failures="0" timestamp="10 Sep 2013 15:15:40 GMT" time="1.516" errors="0">
  <testcase name="do_SQLExample" time="1.000" classname="rough_work.SQLExample"/>
  <testcase name="do_SQLExample" time="0.266" classname="rough_work.SQLExample"/>
  <testcase name="do_SQLExample" time="0.250" classname="rough_work.SQLExample"/>
</testsuite> <!-- rough_work.SQLExample -->
