<?xml version="1.0" encoding="UTF-8"?>
<!-- Generated by org.testng.reporters.JUnitReportReporter -->
<testsuite hostname="WS0122985" name="rough_work.SplitAndShortenPath" tests="1" failures="0" timestamp="12 Mar 2014 23:57:15 GMT" time="189.067" errors="0">
  <testcase name="f" time="189.067" classname="rough_work.SplitAndShortenPath"/>
</testsuite> <!-- rough_work.SplitAndShortenPath -->
