<?xml version="1.0" encoding="UTF-8"?>
<!-- Generated by org.testng.reporters.JUnitReportReporter -->
<testsuite hostname="WS0122985" name="test.signinCheckoutExistingMatrixItem" tests="1" failures="0" timestamp="20 Nov 2014 01:59:15 GMT" time="205.588" errors="0">
  <testcase name="do_signinCheckoutExistingMatrixItem" time="205.588" classname="test.signinCheckoutExistingMatrixItem"/>
</testsuite> <!-- test.signinCheckoutExistingMatrixItem -->
