<?xml version="1.0" encoding="UTF-8"?>
<!-- Generated by org.testng.reporters.JUnitReportReporter -->
<testsuite hostname="WS0122985" name="test.PromoType_ExtraFlex" tests="1" failures="0" timestamp="20 Nov 2014 01:59:13 GMT" time="220.083" errors="0">
  <testcase name="do_PromoType_ExtraFlex" time="220.083" classname="test.PromoType_ExtraFlex"/>
</testsuite> <!-- test.PromoType_ExtraFlex -->
