<?xml version="1.0" encoding="UTF-8"?>
<!-- Generated by org.testng.reporters.JUnitReportReporter -->
<testsuite hostname="WS0122985" name="test.CreateLightUser" tests="1" failures="0" timestamp="20 Nov 2014 01:59:14 GMT" time="160.549" errors="0">
  <testcase name="do_CreateLightUser" time="160.549" classname="test.CreateLightUser"/>
</testsuite> <!-- test.CreateLightUser -->
