<?xml version="1.0" encoding="UTF-8"?>
<!-- Generated by org.testng.reporters.JUnitReportReporter -->
<testsuite hostname="WS0122985" name="rough_work.CopyExcel" tests="1" failures="0" timestamp="10 Mar 2014 22:10:16 GMT" time="0.030" errors="0">
  <testcase name="f" time="0.030" classname="rough_work.CopyExcel"/>
</testsuite> <!-- rough_work.CopyExcel -->
