<?xml version="1.0" encoding="UTF-8"?>
<!-- Generated by org.testng.reporters.JUnitReportReporter -->
<testsuite hostname="WS0122985" name="rough_work.Netezzadashboard" tests="10" failures="0" timestamp="25 Jun 2014 14:42:53 GMT" time="686.604" errors="0">
  <testcase name="repeatThis" time="69.218" classname="rough_work.Netezzadashboard"/>
  <testcase name="repeatThis" time="86.227" classname="rough_work.Netezzadashboard"/>
  <testcase name="repeatThis" time="73.366" classname="rough_work.Netezzadashboard"/>
  <testcase name="repeatThis" time="64.275" classname="rough_work.Netezzadashboard"/>
  <testcase name="repeatThis" time="62.586" classname="rough_work.Netezzadashboard"/>
  <testcase name="repeatThis" time="61.837" classname="rough_work.Netezzadashboard"/>
  <testcase name="repeatThis" time="64.845" classname="rough_work.Netezzadashboard"/>
  <testcase name="repeatThis" time="62.450" classname="rough_work.Netezzadashboard"/>
  <testcase name="repeatThis" time="79.175" classname="rough_work.Netezzadashboard"/>
  <testcase name="repeatThis" time="62.625" classname="rough_work.Netezzadashboard"/>
</testsuite> <!-- rough_work.Netezzadashboard -->
