<?xml version="1.0" encoding="UTF-8"?>
<!-- Generated by org.testng.reporters.JUnitReportReporter -->
<testsuite hostname="WS0122779" name="rough_work.SafariTestingTest" tests="1" failures="0" timestamp="6 Feb 2014 18:46:57 GMT" time="24.408" errors="0">
  <testcase name="main" time="24.408" classname="rough_work.SafariTestingTest"/>
</testsuite> <!-- rough_work.SafariTestingTest -->
