<?xml version="1.0" encoding="UTF-8"?>
<!-- Generated by org.testng.reporters.JUnitReportReporter -->
<testsuite hostname="WS0122985" name="test.CheckMultiItemsWithCoupon" tests="1" failures="0" timestamp="20 Nov 2014 01:59:13 GMT" time="282.319" errors="0">
  <testcase name="do_CheckMultiItemsWithCoupon" time="282.319" classname="test.CheckMultiItemsWithCoupon"/>
</testsuite> <!-- test.CheckMultiItemsWithCoupon -->
