<?xml version="1.0" encoding="UTF-8"?>
<!-- Generated by org.testng.reporters.JUnitReportReporter -->
<testsuite hostname="WS0122985" name="test.PromoType_VIP" tests="1" failures="0" timestamp="20 Nov 2014 01:59:14 GMT" time="201.911" errors="0">
  <testcase name="do_PromoType_VIP" time="201.911" classname="test.PromoType_VIP"/>
</testsuite> <!-- test.PromoType_VIP -->
