<?xml version="1.0" encoding="UTF-8"?>
<!-- Generated by org.testng.reporters.JUnitReportReporter -->
<testsuite hostname="WS0122779" name="rough_work.TimeFormats" tests="1" failures="0" timestamp="4 Feb 2014 21:21:07 GMT" time="0.031" errors="0">
  <testcase name="f" time="0.031" classname="rough_work.TimeFormats"/>
</testsuite> <!-- rough_work.TimeFormats -->
