<?xml version="1.0" encoding="UTF-8"?>
<!-- Generated by org.testng.reporters.JUnitReportReporter -->
<testsuite hostname="WS0122985" name="test.CheckoutwithCreateAccount" tests="4" failures="0" timestamp="20 Nov 2014 01:59:14 GMT" time="1266.139" errors="0">
  <testcase name="do_CheckoutwithCreateAccount" time="308.295" classname="test.CheckoutwithCreateAccount"/>
  <testcase name="do_CheckoutwithCreateAccount" time="326.500" classname="test.CheckoutwithCreateAccount"/>
  <testcase name="do_CheckoutwithCreateAccount" time="321.318" classname="test.CheckoutwithCreateAccount"/>
  <testcase name="do_CheckoutwithCreateAccount" time="310.026" classname="test.CheckoutwithCreateAccount"/>
</testsuite> <!-- test.CheckoutwithCreateAccount -->
