<?xml version="1.0" encoding="UTF-8"?>
<!-- Generated by org.testng.reporters.JUnitReportReporter -->
<testsuite hostname="WS0122985" name="rough_work.TextValidation" tests="1" failures="0" timestamp="18 Feb 2014 21:21:31 GMT" time="10.192" errors="0">
  <testcase name="f" time="10.192" classname="rough_work.TextValidation"/>
</testsuite> <!-- rough_work.TextValidation -->
