<?xml version="1.0" encoding="UTF-8"?>
<!-- Generated by org.testng.reporters.JUnitReportReporter -->
<testsuite hostname="WS0123553" name="test.NewTest" tests="3" failures="0" timestamp="26 Jul 2013 20:42:56 GMT" time="27.472" errors="0">
  <testcase name="f" time="10.903" classname="test.NewTest"/>
  <testcase name="f" time="12.323" classname="test.NewTest"/>
  <testcase name="f" time="4.246" classname="test.NewTest"/>
</testsuite> <!-- test.NewTest -->
