<?xml version="1.0" encoding="UTF-8"?>
<!-- Generated by org.testng.reporters.JUnitReportReporter -->
<testsuite hostname="WS0122985" name="rough_work.ValidateLink" tests="1" failures="0" timestamp="21 Apr 2014 15:48:34 GMT" time="0.168" errors="0">
  <testcase name="fo" time="0.168" classname="rough_work.ValidateLink"/>
</testsuite> <!-- rough_work.ValidateLink -->
