<?xml version="1.0" encoding="UTF-8"?>
<!-- Generated by org.testng.reporters.JUnitReportReporter -->
<testsuite hostname="WS0122985" name="test.OrderReveiwForFlexPayItem" tests="1" failures="0" timestamp="20 Nov 2014 01:59:14 GMT" time="229.001" errors="0">
  <testcase name="do_OOrderReveiwForFlexPayItem" time="229.001" classname="test.OrderReveiwForFlexPayItem"/>
</testsuite> <!-- test.OrderReveiwForFlexPayItem -->
