<?xml version="1.0" encoding="UTF-8"?>
<!-- Generated by org.testng.reporters.JUnitReportReporter -->
<testsuite hostname="WS0122985" name="test.SearchByKeyword" tests="2" failures="0" timestamp="20 Nov 2014 01:59:14 GMT" time="105.206" errors="0">
  <testcase name="do_SearchByKeyword" time="53.073" classname="test.SearchByKeyword"/>
  <testcase name="do_SearchByKeyword" time="52.133" classname="test.SearchByKeyword"/>
</testsuite> <!-- test.SearchByKeyword -->
