<?xml version="1.0" encoding="UTF-8"?>
<!-- Generated by org.testng.reporters.JUnitReportReporter -->
<testsuite hostname="WS0123553" name="test.SQLExample" tests="1" failures="0" timestamp="14 Aug 2013 15:08:27 GMT" time="0.156" errors="0">
  <testcase name="do_SQLExample" time="0.156" classname="test.SQLExample"/>
</testsuite> <!-- test.SQLExample -->
