<?xml version="1.0" encoding="UTF-8"?>
<!-- Generated by org.testng.reporters.JUnitReportReporter -->
<testsuite hostname="WS0122985" name="rough_work.IOSSelectOnAirProduct" tests="1" failures="0" timestamp="29 Sep 2014 21:49:07 GMT" time="18.766" errors="0">
  <testcase name="f" time="18.766" classname="rough_work.IOSSelectOnAirProduct"/>
</testsuite> <!-- rough_work.IOSSelectOnAirProduct -->
