<?xml version="1.0" encoding="UTF-8"?>
<!-- Generated by org.testng.reporters.JUnitReportReporter -->
<testsuite hostname="WS0122779" name="test.VerifyTodaySpecial" tests="1" failures="0" timestamp="17 Sep 2014 19:04:11 GMT" time="42.142" errors="0">
  <testcase name="do_VerifyTodaySpecial" time="42.142" classname="test.VerifyTodaySpecial"/>
</testsuite> <!-- test.VerifyTodaySpecial -->
