<?xml version="1.0" encoding="UTF-8"?>
<!-- Generated by org.testng.reporters.JUnitReportReporter -->
<testsuite hostname="WS0122985" name="test.CancelOrderExistingUser" tests="1" failures="0" timestamp="20 Nov 2014 01:59:14 GMT" time="267.782" errors="0">
  <testcase name="do_CancelOrder_ExistingUser" time="267.782" classname="test.CancelOrderExistingUser"/>
</testsuite> <!-- test.CancelOrderExistingUser -->
