<?xml version="1.0" encoding="UTF-8"?>
<!-- Generated by org.testng.reporters.JUnitReportReporter -->
<testsuite hostname="WS0122779" name="test.signinTryReviewForIneligibleItem" tests="1" failures="0" timestamp="15 Apr 2014 18:35:15 GMT" time="203.043" errors="0">
  <testcase name="do_signinTryReviewForIneligibleItem" time="203.043" classname="test.signinTryReviewForIneligibleItem"/>
</testsuite> <!-- test.signinTryReviewForIneligibleItem -->
