<?xml version="1.0" encoding="UTF-8"?>
<!-- Generated by org.testng.reporters.JUnitReportReporter -->
<testsuite hostname="WS0122985" name="test.AccountUpdate_PaymentMethod" tests="1" failures="0" timestamp="20 Nov 2014 01:59:13 GMT" time="174.542" errors="0">
  <testcase name="do_AccountUpdate_PaymentMethod" time="174.542" classname="test.AccountUpdate_PaymentMethod"/>
</testsuite> <!-- test.AccountUpdate_PaymentMethod -->
