<?xml version="1.0" encoding="UTF-8"?>
<!-- Generated by org.testng.reporters.JUnitReportReporter -->
<testsuite hostname="WS0122985" name="test.signinApplyKashCheckoutExistingUser" tests="1" failures="0" timestamp="20 Nov 2014 01:59:14 GMT" time="273.995" errors="0">
  <testcase name="do_signinApplyKashCheckoutExistingUser" time="273.995" classname="test.signinApplyKashCheckoutExistingUser"/>
</testsuite> <!-- test.signinApplyKashCheckoutExistingUser -->
