<?xml version="1.0" encoding="UTF-8"?>
<!-- Generated by org.testng.reporters.JUnitReportReporter -->
<testsuite hostname="WS0122985" name="test.CheckoutWithPromotion" tests="1" failures="0" timestamp="20 Nov 2014 01:59:14 GMT" time="263.852" errors="0">
  <testcase name="do_CheckoutWithPromotion" time="263.852" classname="test.CheckoutWithPromotion"/>
</testsuite> <!-- test.CheckoutWithPromotion -->
