<?xml version="1.0" encoding="UTF-8"?>
<!-- Generated by org.testng.reporters.JUnitReportReporter -->
<testsuite hostname="WS0122985" name="test.AccountUpdate_AddressInformation" tests="1" failures="0" timestamp="20 Nov 2014 01:59:13 GMT" time="215.038" errors="0">
  <testcase name="do_AccountUpdate_AddressInformation" time="215.038" classname="test.AccountUpdate_AddressInformation"/>
</testsuite> <!-- test.AccountUpdate_AddressInformation -->
