<?xml version="1.0" encoding="UTF-8"?>
<!-- Generated by org.testng.reporters.JUnitReportReporter -->
<testsuite hostname="WS0122779" name="rough_work.AutoITExample" tests="1" failures="0" timestamp="7 Feb 2014 16:29:05 GMT" time="0.038" errors="0">
  <testcase name="f" time="0.038" classname="rough_work.AutoITExample"/>
</testsuite> <!-- rough_work.AutoITExample -->
