<?xml version="1.0" encoding="UTF-8"?>
<!-- Generated by org.testng.reporters.JUnitReportReporter -->
<testsuite hostname="WS0122985" name="rough_work.testingMouseOver" tests="1" failures="0" timestamp="29 Apr 2014 19:58:02 GMT" time="20.817" errors="0">
  <testcase name="f" time="20.817" classname="rough_work.testingMouseOver"/>
</testsuite> <!-- rough_work.testingMouseOver -->
