<?xml version="1.0" encoding="UTF-8"?>
<!-- Generated by org.testng.reporters.JUnitReportReporter -->
<testsuite hostname="WS0122779" name="rough_work.MobileLogin" tests="1" failures="0" timestamp="4 Feb 2014 18:48:27 GMT" time="16.507" errors="0">
  <testcase name="f" time="16.507" classname="rough_work.MobileLogin"/>
</testsuite> <!-- rough_work.MobileLogin -->
