<?xml version="1.0" encoding="UTF-8"?>
<!-- Generated by org.testng.reporters.JUnitReportReporter -->
<testsuite hostname="WS0122985" name="test.Emailsignup" tests="1" failures="0" timestamp="20 Nov 2014 01:59:14 GMT" time="57.274" errors="0">
  <testcase name="do_Emailsignup" time="57.274" classname="test.Emailsignup"/>
</testsuite> <!-- test.Emailsignup -->
