<?xml version="1.0" encoding="UTF-8"?>
<!-- Generated by org.testng.reporters.JUnitReportReporter -->
<testsuite hostname="WS0122779" name="rough_work.JQuerifyExampleTest" tests="1" failures="0" timestamp="25 Jun 2014 17:13:22 GMT" time="10.140" errors="0">
  <testcase name="main" time="10.140" classname="rough_work.JQuerifyExampleTest"/>
</testsuite> <!-- rough_work.JQuerifyExampleTest -->
